2025-11-17 00:58:17,060 INFO {'side': 'BUY', 'symbol': 'SOLUSDT', 'qty': np.float64(6.067224851352958), 'price': np.float64(137.35), 'notional': np.float64(833.3333333333288), 'fee': np.float64(0.8333333333333288), 'ts': 1763333897.0605073}
2025-11-17 00:59:16,964 INFO {'side': 'SELL', 'symbol': 'SOLUSDT', 'qty': np.float64(6.067224851352958), 'price': 137.32, 'proceeds': np.float64(833.1513165877882), 'fee': np.float64(0.8331513165877882), 'net': np.float64(832.3181652712004), 'ts': 1763333956.9647396}
2025-11-17 01:14:17,378 INFO {'side': 'BUY', 'symbol': 'SOLUSDT', 'qty': np.float64(6.077371049590889), 'price': np.float64(137.07), 'notional': np.float64(833.0252497674231), 'fee': np.float64(0.8330252497674232), 'ts': 1763334857.3789418}
2025-11-18 19:10:25,468 INFO {'side': 'BUY', 'symbol': 'BTCUSDT', 'qty': 0.008900954310475809, 'price': 93622.92, 'notional': 833.3333333333318, 'fee': 0.8333333333333318, 'ts': 1763485825.4686675}
2025-11-18 19:13:25,463 INFO {'side': 'SELL', 'symbol': 'BTCUSDT', 'qty': 0.008900954310475809, 'price': 93473.79, 'proceeds': 832.0059340170105, 'fee': 0.8320059340170105, 'net': 831.1739280829935, 'ts': 1763486005.4636583}
2025-11-18 19:39:56,038 INFO {'side': 'BUY', 'symbol': 'BTCUSDT', 'qty': 0.008917655310398611, 'price': 93391.65, 'notional': 832.8345435693884, 'fee': 0.8328345435693885, 'ts': 1763487596.0382233}
2025-11-18 19:51:26,070 INFO {'side': 'SELL', 'symbol': 'BTCUSDT', 'qty': 0.008917655310398611, 'price': 93139.22, 'proceeds': 830.5834598393845, 'fee': 0.8305834598393845, 'net': 829.7528763795451, 'ts': 1763488286.0705295}
2025-11-18 20:01:56,465 INFO {'side': 'BUY', 'symbol': 'BTCUSDT', 'qty': 0.00891191192903365, 'price': 93378.63, 'notional': 832.1821266138195, 'fee': 0.8321821266138195, 'ts': 1763488916.4659297}
2025-11-18 20:03:56,817 INFO {'side': 'BUY', 'symbol': 'ETHUSDT', 'qty': 0.2645578333396451, 'price': 3145.51, 'notional': 832.1693103481872, 'fee': 0.8321693103481872, 'ts': 1763489036.817288}
2025-11-18 20:05:26,597 INFO {'side': 'SELL', 'symbol': 'ETHUSDT', 'qty': 0.2645578333396451, 'price': 3144.49, 'proceeds': 831.8994613581806, 'fee': 0.8318994613581806, 'net': 831.0675618968224, 'ts': 1763489126.5972106}
2025-11-18 20:05:27,471 INFO {'side': 'BUY', 'symbol': 'SOLUSDT', 'qty': 5.919116971285854, 'price': 140.56, 'notional': 831.9910814839396, 'fee': 0.8319910814839396, 'ts': 1763489127.4719522}
2025-11-18 20:05:56,777 INFO {'side': 'BUY', 'symbol': 'ETHUSDT', 'qty': 0.2644066593646459, 'price': 3146.78, 'notional': 832.0295875554805, 'fee': 0.8320295875554805, 'ts': 1763489156.7779415}
2025-11-18 20:06:26,334 INFO {'side': 'SELL', 'symbol': 'BTCUSDT', 'qty': 0.00891191192903365, 'price': 93584.53, 'proceeds': 834.0170892800074, 'fee': 0.8340170892800075, 'net': 833.1830721907274, 'ts': 1763489186.3341765}
2025-11-18 20:06:26,934 INFO {'side': 'SELL', 'symbol': 'ETHUSDT', 'qty': 0.2644066593646459, 'price': 3146.83, 'proceeds': 832.0428078884487, 'fee': 0.8320428078884488, 'net': 831.2107650805602, 'ts': 1763489186.9340055}
2025-11-18 20:06:56,563 INFO {'side': 'BUY', 'symbol': 'BTCUSDT', 'qty': 0.008881273217449297, 'price': 93648.82, 'notional': 831.7207569117301, 'fee': 0.8317207569117301, 'ts': 1763489216.563381}
2025-11-18 20:06:57,105 INFO {'side': 'BUY', 'symbol': 'ETHUSDT', 'qty': 0.2641065336701449, 'price': 3148.73, 'notional': 831.6001657631954, 'fee': 0.8316001657631954, 'ts': 1763489217.1057773}
2025-11-18 20:07:26,356 INFO {'side': 'SELL', 'symbol': 'BTCUSDT', 'qty': 0.008881273217449297, 'price': 93629.26, 'proceeds': 831.5470392075966, 'fee': 0.8315470392075966, 'net': 830.715492168389, 'ts': 1763489246.3567495}
2025-11-18 20:08:26,659 INFO {'side': 'BUY', 'symbol': 'BTCUSDT', 'qty': 0.008872171647743319, 'price': 93690.0, 'notional': 831.2337616770716, 'fee': 0.8312337616770716, 'ts': 1763489306.6596901}
2025-11-18 20:10:26,438 INFO {'side': 'SELL', 'symbol': 'BTCUSDT', 'qty': 0.008872171647743319, 'price': 93757.64, 'proceeds': 831.8338753673249, 'fee': 0.831833875367325, 'net': 831.0020414919576, 'ts': 1763489426.438052}
2025-11-18 20:10:27,029 INFO {'side': 'SELL', 'symbol': 'ETHUSDT', 'qty': 0.2641065336701449, 'price': 3151.0, 'proceeds': 832.1996875946267, 'fee': 0.8321996875946267, 'net': 831.367487907032, 'ts': 1763489427.0295742}
2025-11-18 20:11:26,571 INFO {'side': 'BUY', 'symbol': 'BTCUSDT', 'qty': 0.008869883425642495, 'price': 93726.84, 'notional': 831.3461446538461, 'fee': 0.831346144653846, 'ts': 1763489486.5714862}
2025-11-18 20:11:27,004 INFO {'side': 'BUY', 'symbol': 'ETHUSDT', 'qty': 0.26355999383334633, 'price': 3153.77, 'notional': 831.2076017517926, 'fee': 0.8312076017517926, 'ts': 1763489487.0048368}
2025-11-18 20:11:56,429 INFO {'side': 'SELL', 'symbol': 'BTCUSDT', 'qty': 0.008869883425642495, 'price': 93685.04, 'proceeds': 830.9753835266541, 'fee': 0.8309753835266541, 'net': 830.1444081431275, 'ts': 1763489516.4294312}
2025-11-18 20:12:26,704 INFO {'side': 'SELL', 'symbol': 'ETHUSDT', 'qty': 0.26355999383334633, 'price': 3151.66, 'proceeds': 830.6514901648043, 'fee': 0.8306514901648043, 'net': 829.8208386746395, 'ts': 1763489546.70445}
2025-11-18 20:12:57,001 INFO {'side': 'SELL', 'symbol': 'SOLUSDT', 'qty': 5.919116971285854, 'price': 141.11, 'proceeds': 835.246595818147, 'fee': 0.835246595818147, 'net': 834.4113492223288, 'ts': 1763489577.0014312}
2025-11-18 20:13:26,662 INFO {'side': 'BUY', 'symbol': 'BTCUSDT', 'qty': 0.008866980848193528, 'price': 93663.03, 'notional': 830.5082931937758, 'fee': 0.8305082931937758, 'ts': 1763489606.6626365}
2025-11-18 20:13:27,184 INFO {'side': 'BUY', 'symbol': 'ETHUSDT', 'qty': 0.26351244935839285, 'price': 3151.16, 'notional': 830.3698899201931, 'fee': 0.8303698899201931, 'ts': 1763489607.1841536}
2025-11-18 20:13:27,681 INFO {'side': 'BUY', 'symbol': 'SOLUSDT', 'qty': 5.8819092804699435, 'price': 141.15, 'notional': 830.2314949383326, 'fee': 0.8302314949383326, 'ts': 1763489607.6814284}
2025-11-18 20:13:56,453 INFO {'side': 'SELL', 'symbol': 'BTCUSDT', 'qty': 0.008866980848193528, 'price': 93659.26, 'proceeds': 830.4748646759781, 'fee': 0.8304748646759781, 'net': 829.6443898113021, 'ts': 1763489636.4531722}
2025-11-18 20:13:57,215 INFO {'side': 'SELL', 'symbol': 'ETHUSDT', 'qty': 0.26351244935839285, 'price': 3150.37, 'proceeds': 830.1617150852001, 'fee': 0.8301617150852001, 'net': 829.3315533701149, 'ts': 1763489637.2156463}
2025-11-18 20:14:56,906 INFO {'side': 'BUY', 'symbol': 'ETHUSDT', 'qty': 0.26329852684113414, 'price': 3151.8, 'notional': 829.8642968978867, 'fee': 0.8298642968978867, 'ts': 1763489696.9067585}
2025-11-18 20:15:27,035 INFO {'side': 'SELL', 'symbol': 'SOLUSDT', 'qty': 5.8819092804699435, 'price': 141.11, 'proceeds': 829.9962185671138, 'fee': 0.8299962185671138, 'net': 829.1662223485467, 'ts': 1763489727.0358205}
2025-11-18 20:16:27,214 INFO {'side': 'BUY', 'symbol': 'SOLUSDT', 'qty': 5.87426154880912, 'price': 141.2, 'notional': 829.4457306918476, 'fee': 0.8294457306918477, 'ts': 1763489787.2144432}
